app/build/intermediates/manifest_merge_blame_file/debug/manifest-merger-blame-debug-report.txt
1<?xml version="1.0" encoding="utf-8"?>
2<manifest xmlns:android="http://schemas.android.com/apk/res/android"
3    package="com.example.proteintracker"
4    android:versionCode="1"
5    android:versionName="1.0" >
6
7    <uses-sdk
8        android:minSdkVersion="21"
8-->src\main\AndroidManifest.xml
9        android:targetSdkVersion="29" />
9-->src\main\AndroidManifest.xml
10
11    <application
11-->src\main\AndroidManifest.xml:5:5-32:19
12        android:allowBackup="true"
12-->src\main\AndroidManifest.xml:6:9-35
13        android:appComponentFactory="androidx.core.app.CoreComponentFactory"
13-->[androidx.core:core:1.0.1] AndroidManifest.xml:22:18-86
14        android:debuggable="true"
15        android:icon="@mipmap/ic_launcher"
15-->src\main\AndroidManifest.xml:7:9-43
16        android:label="@string/app_name"
16-->src\main\AndroidManifest.xml:8:9-41
17        android:roundIcon="@mipmap/ic_launcher_round"
17-->src\main\AndroidManifest.xml:9:9-54
18        android:supportsRtl="true"
18-->src\main\AndroidManifest.xml:10:9-35
19        android:testOnly="true"
20        android:theme="@style/AppTheme" >
20-->src\main\AndroidManifest.xml:11:9-40
21        <activity android:name="com.example.proteintracker.KelolaMhsActivity" />
21-->src\main\AndroidManifest.xml:12:9-64
21-->src\main\AndroidManifest.xml:12:19-52
22        <activity android:name="com.example.proteintracker.MahasiswaEditActivity" />
22-->src\main\AndroidManifest.xml:13:9-59
22-->src\main\AndroidManifest.xml:13:19-56
23        <activity android:name="com.example.proteintracker.MahasiswaAddActivity" />
23-->src\main\AndroidManifest.xml:14:9-58
23-->src\main\AndroidManifest.xml:14:19-55
24        <activity android:name="com.example.proteintracker.SpinControl" />
24-->src\main\AndroidManifest.xml:15:9-49
24-->src\main\AndroidManifest.xml:15:19-46
25        <activity android:name="com.example.proteintracker.SampleList" />
25-->src\main\AndroidManifest.xml:16:9-48
25-->src\main\AndroidManifest.xml:16:19-45
26        <activity android:name="com.example.proteintracker.MahasiswaActivity" />
26-->src\main\AndroidManifest.xml:17:9-55
26-->src\main\AndroidManifest.xml:17:19-52
27        <activity android:name="com.example.proteintracker.MahasiswaFragment1" />
27-->src\main\AndroidManifest.xml:18:9-56
27-->src\main\AndroidManifest.xml:18:19-53
28        <activity android:name="com.example.proteintracker.ProteinTrackerApp" />
28-->src\main\AndroidManifest.xml:19:9-55
28-->src\main\AndroidManifest.xml:19:19-52
29        <activity android:name="com.example.proteintracker.Table" />
29-->src\main\AndroidManifest.xml:20:9-43
29-->src\main\AndroidManifest.xml:20:19-40
30        <activity android:name="com.example.proteintracker.Main3FragmentActivity" />
30-->src\main\AndroidManifest.xml:21:9-59
30-->src\main\AndroidManifest.xml:21:19-56
31        <activity android:name="com.example.proteintracker.Text" />
31-->src\main\AndroidManifest.xml:22:9-42
31-->src\main\AndroidManifest.xml:22:19-39
32        <activity android:name="com.example.proteintracker.Test" />
32-->src\main\AndroidManifest.xml:23:9-42
32-->src\main\AndroidManifest.xml:23:19-39
33        <activity android:name="com.example.proteintracker.HelpActivity" />
33-->src\main\AndroidManifest.xml:24:9-50
33-->src\main\AndroidManifest.xml:24:19-47
34        <activity android:name="com.example.proteintracker.MainActivity" >
34-->src\main\AndroidManifest.xml:25:9-31:20
34-->src\main\AndroidManifest.xml:25:19-47
35            <intent-filter>
35-->src\main\AndroidManifest.xml:26:13-30:29
36                <action android:name="android.intent.action.MAIN" />
36-->src\main\AndroidManifest.xml:27:17-69
36-->src\main\AndroidManifest.xml:27:25-66
37
38                <category android:name="android.intent.category.LAUNCHER" />
38-->src\main\AndroidManifest.xml:29:17-77
38-->src\main\AndroidManifest.xml:29:27-74
39            </intent-filter>
40        </activity>
41    </application>
42
43</manifest>